{"/Users/mattvaughan-jones/Projects/gcal-alarms/expo-env.d.ts": {"path":"/Users/mattvaughan-jones/Projects/gcal-alarms/expo-env.d.ts","statementMap":{},"fnMap":{},"branchMap":{},"s":{},"f":{},"b":{}}
,"/Users/mattvaughan-jones/Projects/gcal-alarms/jest.config.ts": {"path":"/Users/mattvaughan-jones/Projects/gcal-alarms/jest.config.ts","statementMap":{"0":{"start":{"line":3,"column":23},"end":{"line":20,"column":1}}},"fnMap":{},"branchMap":{},"s":{"0":0},"f":{},"b":{}}
,"/Users/mattvaughan-jones/Projects/gcal-alarms/.expo/types/router.d.ts": {"path":"/Users/mattvaughan-jones/Projects/gcal-alarms/.expo/types/router.d.ts","statementMap":{},"fnMap":{},"branchMap":{},"s":{},"f":{},"b":{}}
,"/Users/mattvaughan-jones/Projects/gcal-alarms/app/_layout.tsx": {"path":"/Users/mattvaughan-jones/Projects/gcal-alarms/app/_layout.tsx","statementMap":{"0":{"start":{"line":4,"column":2},"end":{"line":11,"column":4}}},"fnMap":{"0":{"name":"RootLayout","decl":{"start":{"line":3,"column":24},"end":{"line":3,"column":34}},"loc":{"start":{"line":3,"column":37},"end":{"line":12,"column":1}},"line":3}},"branchMap":{},"s":{"0":1},"f":{"0":1},"b":{},"_coverageSchema":"1a1c01bbd47fc00a2c39e90264f33305004495a9","hash":"3521c4b3d5ab86cd5f935db7a6957abfd0ee19d1"}
,"/Users/mattvaughan-jones/Projects/gcal-alarms/app/index.tsx": {"path":"/Users/mattvaughan-jones/Projects/gcal-alarms/app/index.tsx","statementMap":{"0":{"start":{"line":4,"column":2},"end":{"line":14,"column":4}}},"fnMap":{"0":{"name":"Index","decl":{"start":{"line":3,"column":24},"end":{"line":3,"column":29}},"loc":{"start":{"line":3,"column":32},"end":{"line":15,"column":1}},"line":3}},"branchMap":{},"s":{"0":0},"f":{"0":0},"b":{}}
,"/Users/mattvaughan-jones/Projects/gcal-alarms/app-example/app/+not-found.tsx": {"path":"/Users/mattvaughan-jones/Projects/gcal-alarms/app-example/app/+not-found.tsx","statementMap":{"0":{"start":{"line":8,"column":2},"end":{"line":18,"column":4}},"1":{"start":{"line":21,"column":15},"end":{"line":32,"column":2}}},"fnMap":{"0":{"name":"NotFoundScreen","decl":{"start":{"line":7,"column":24},"end":{"line":7,"column":38}},"loc":{"start":{"line":7,"column":41},"end":{"line":19,"column":1}},"line":7}},"branchMap":{},"s":{"0":0,"1":0},"f":{"0":0},"b":{}}
,"/Users/mattvaughan-jones/Projects/gcal-alarms/app-example/app/_layout.tsx": {"path":"/Users/mattvaughan-jones/Projects/gcal-alarms/app-example/app/_layout.tsx","statementMap":{"0":{"start":{"line":12,"column":0},"end":{"line":12,"column":36}},"1":{"start":{"line":15,"column":22},"end":{"line":15,"column":38}},"2":{"start":{"line":16,"column":19},"end":{"line":18,"column":4}},"3":{"start":{"line":20,"column":2},"end":{"line":24,"column":15}},"4":{"start":{"line":21,"column":4},"end":{"line":23,"column":5}},"5":{"start":{"line":22,"column":6},"end":{"line":22,"column":31}},"6":{"start":{"line":26,"column":2},"end":{"line":28,"column":3}},"7":{"start":{"line":27,"column":4},"end":{"line":27,"column":16}},"8":{"start":{"line":30,"column":2},"end":{"line":38,"column":4}}},"fnMap":{"0":{"name":"RootLayout","decl":{"start":{"line":14,"column":24},"end":{"line":14,"column":34}},"loc":{"start":{"line":14,"column":37},"end":{"line":39,"column":1}},"line":14},"1":{"name":"(anonymous_1)","decl":{"start":{"line":20,"column":12},"end":{"line":20,"column":13}},"loc":{"start":{"line":20,"column":18},"end":{"line":24,"column":3}},"line":20}},"branchMap":{"0":{"loc":{"start":{"line":21,"column":4},"end":{"line":23,"column":5}},"type":"if","locations":[{"start":{"line":21,"column":4},"end":{"line":23,"column":5}},{"start":{},"end":{}}],"line":21},"1":{"loc":{"start":{"line":26,"column":2},"end":{"line":28,"column":3}},"type":"if","locations":[{"start":{"line":26,"column":2},"end":{"line":28,"column":3}},{"start":{},"end":{}}],"line":26},"2":{"loc":{"start":{"line":31,"column":26},"end":{"line":31,"column":75}},"type":"cond-expr","locations":[{"start":{"line":31,"column":51},"end":{"line":31,"column":60}},{"start":{"line":31,"column":63},"end":{"line":31,"column":75}}],"line":31}},"s":{"0":0,"1":0,"2":0,"3":0,"4":0,"5":0,"6":0,"7":0,"8":0},"f":{"0":0,"1":0},"b":{"0":[0,0],"1":[0,0],"2":[0,0]}}
,"/Users/mattvaughan-jones/Projects/gcal-alarms/app-example/app/(tabs)/_layout.tsx": {"path":"/Users/mattvaughan-jones/Projects/gcal-alarms/app-example/app/(tabs)/_layout.tsx","statementMap":{"0":{"start":{"line":12,"column":22},"end":{"line":12,"column":38}},"1":{"start":{"line":14,"column":2},"end":{"line":44,"column":4}},"2":{"start":{"line":33,"column":37},"end":{"line":33,"column":93}},"3":{"start":{"line":40,"column":37},"end":{"line":40,"column":98}}},"fnMap":{"0":{"name":"TabLayout","decl":{"start":{"line":11,"column":24},"end":{"line":11,"column":33}},"loc":{"start":{"line":11,"column":36},"end":{"line":45,"column":1}},"line":11},"1":{"name":"(anonymous_1)","decl":{"start":{"line":33,"column":22},"end":{"line":33,"column":23}},"loc":{"start":{"line":33,"column":37},"end":{"line":33,"column":93}},"line":33},"2":{"name":"(anonymous_2)","decl":{"start":{"line":40,"column":22},"end":{"line":40,"column":23}},"loc":{"start":{"line":40,"column":37},"end":{"line":40,"column":98}},"line":40}},"branchMap":{"0":{"loc":{"start":{"line":17,"column":38},"end":{"line":17,"column":60}},"type":"binary-expr","locations":[{"start":{"line":17,"column":38},"end":{"line":17,"column":49}},{"start":{"line":17,"column":53},"end":{"line":17,"column":60}}],"line":17}},"s":{"0":0,"1":0,"2":0,"3":0},"f":{"0":0,"1":0,"2":0},"b":{"0":[0,0]}}
,"/Users/mattvaughan-jones/Projects/gcal-alarms/app-example/app/(tabs)/explore.tsx": {"path":"/Users/mattvaughan-jones/Projects/gcal-alarms/app-example/app/(tabs)/explore.tsx","statementMap":{"0":{"start":{"line":11,"column":2},"end":{"line":95,"column":4}},"1":{"start":{"line":98,"column":15},"end":{"line":109,"column":2}}},"fnMap":{"0":{"name":"TabTwoScreen","decl":{"start":{"line":10,"column":24},"end":{"line":10,"column":36}},"loc":{"start":{"line":10,"column":39},"end":{"line":96,"column":1}},"line":10}},"branchMap":{},"s":{"0":0,"1":0},"f":{"0":0},"b":{}}
,"/Users/mattvaughan-jones/Projects/gcal-alarms/app-example/app/(tabs)/index.tsx": {"path":"/Users/mattvaughan-jones/Projects/gcal-alarms/app-example/app/(tabs)/index.tsx","statementMap":{"0":{"start":{"line":9,"column":2},"end":{"line":54,"column":4}},"1":{"start":{"line":57,"column":15},"end":{"line":74,"column":2}}},"fnMap":{"0":{"name":"HomeScreen","decl":{"start":{"line":8,"column":24},"end":{"line":8,"column":34}},"loc":{"start":{"line":8,"column":37},"end":{"line":55,"column":1}},"line":8}},"branchMap":{},"s":{"0":0,"1":0},"f":{"0":0},"b":{}}
,"/Users/mattvaughan-jones/Projects/gcal-alarms/app-example/components/Collapsible.tsx": {"path":"/Users/mattvaughan-jones/Projects/gcal-alarms/app-example/components/Collapsible.tsx","statementMap":{"0":{"start":{"line":11,"column":30},"end":{"line":11,"column":45}},"1":{"start":{"line":12,"column":16},"end":{"line":12,"column":43}},"2":{"start":{"line":14,"column":2},"end":{"line":32,"column":4}},"3":{"start":{"line":18,"column":23},"end":{"line":18,"column":51}},"4":{"start":{"line":18,"column":44},"end":{"line":18,"column":50}},"5":{"start":{"line":35,"column":15},"end":{"line":45,"column":2}}},"fnMap":{"0":{"name":"Collapsible","decl":{"start":{"line":10,"column":16},"end":{"line":10,"column":27}},"loc":{"start":{"line":10,"column":88},"end":{"line":33,"column":1}},"line":10},"1":{"name":"(anonymous_1)","decl":{"start":{"line":18,"column":17},"end":{"line":18,"column":18}},"loc":{"start":{"line":18,"column":23},"end":{"line":18,"column":51}},"line":18},"2":{"name":"(anonymous_2)","decl":{"start":{"line":18,"column":33},"end":{"line":18,"column":34}},"loc":{"start":{"line":18,"column":44},"end":{"line":18,"column":50}},"line":18}},"branchMap":{"0":{"loc":{"start":{"line":12,"column":16},"end":{"line":12,"column":43}},"type":"binary-expr","locations":[{"start":{"line":12,"column":16},"end":{"line":12,"column":32}},{"start":{"line":12,"column":36},"end":{"line":12,"column":43}}],"line":12},"1":{"loc":{"start":{"line":24,"column":17},"end":{"line":24,"column":73}},"type":"cond-expr","locations":[{"start":{"line":24,"column":37},"end":{"line":24,"column":54}},{"start":{"line":24,"column":57},"end":{"line":24,"column":73}}],"line":24},"2":{"loc":{"start":{"line":25,"column":41},"end":{"line":25,"column":66}},"type":"cond-expr","locations":[{"start":{"line":25,"column":50},"end":{"line":25,"column":57}},{"start":{"line":25,"column":60},"end":{"line":25,"column":66}}],"line":25},"3":{"loc":{"start":{"line":30,"column":7},"end":{"line":30,"column":75}},"type":"binary-expr","locations":[{"start":{"line":30,"column":7},"end":{"line":30,"column":13}},{"start":{"line":30,"column":17},"end":{"line":30,"column":75}}],"line":30}},"s":{"0":0,"1":0,"2":0,"3":0,"4":0,"5":0},"f":{"0":0,"1":0,"2":0},"b":{"0":[0,0],"1":[0,0],"2":[0,0],"3":[0,0]}}
,"/Users/mattvaughan-jones/Projects/gcal-alarms/app-example/components/ExternalLink.tsx": {"path":"/Users/mattvaughan-jones/Projects/gcal-alarms/app-example/components/ExternalLink.tsx","statementMap":{"0":{"start":{"line":9,"column":2},"end":{"line":23,"column":4}},"1":{"start":{"line":15,"column":8},"end":{"line":20,"column":9}},"2":{"start":{"line":17,"column":10},"end":{"line":17,"column":33}},"3":{"start":{"line":19,"column":10},"end":{"line":19,"column":39}}},"fnMap":{"0":{"name":"ExternalLink","decl":{"start":{"line":8,"column":16},"end":{"line":8,"column":28}},"loc":{"start":{"line":8,"column":55},"end":{"line":24,"column":1}},"line":8},"1":{"name":"(anonymous_1)","decl":{"start":{"line":14,"column":15},"end":{"line":14,"column":16}},"loc":{"start":{"line":14,"column":32},"end":{"line":21,"column":7}},"line":14}},"branchMap":{"0":{"loc":{"start":{"line":15,"column":8},"end":{"line":20,"column":9}},"type":"if","locations":[{"start":{"line":15,"column":8},"end":{"line":20,"column":9}},{"start":{},"end":{}}],"line":15}},"s":{"0":0,"1":0,"2":0,"3":0},"f":{"0":0,"1":0},"b":{"0":[0,0]}}
,"/Users/mattvaughan-jones/Projects/gcal-alarms/app-example/components/HapticTab.tsx": {"path":"/Users/mattvaughan-jones/Projects/gcal-alarms/app-example/components/HapticTab.tsx","statementMap":{"0":{"start":{"line":6,"column":2},"end":{"line":17,"column":4}},"1":{"start":{"line":10,"column":8},"end":{"line":13,"column":9}},"2":{"start":{"line":12,"column":10},"end":{"line":12,"column":65}},"3":{"start":{"line":14,"column":8},"end":{"line":14,"column":30}}},"fnMap":{"0":{"name":"HapticTab","decl":{"start":{"line":5,"column":16},"end":{"line":5,"column":25}},"loc":{"start":{"line":5,"column":58},"end":{"line":18,"column":1}},"line":5},"1":{"name":"(anonymous_1)","decl":{"start":{"line":9,"column":17},"end":{"line":9,"column":18}},"loc":{"start":{"line":9,"column":25},"end":{"line":15,"column":7}},"line":9}},"branchMap":{"0":{"loc":{"start":{"line":10,"column":8},"end":{"line":13,"column":9}},"type":"if","locations":[{"start":{"line":10,"column":8},"end":{"line":13,"column":9}},{"start":{},"end":{}}],"line":10}},"s":{"0":0,"1":0,"2":0,"3":0},"f":{"0":0,"1":0},"b":{"0":[0,0]}}
,"/Users/mattvaughan-jones/Projects/gcal-alarms/app-example/components/HelloWave.tsx": {"path":"/Users/mattvaughan-jones/Projects/gcal-alarms/app-example/components/HelloWave.tsx","statementMap":{"0":{"start":{"line":14,"column":28},"end":{"line":14,"column":45}},"1":{"start":{"line":16,"column":2},"end":{"line":21,"column":9}},"2":{"start":{"line":17,"column":4},"end":{"line":20,"column":6}},"3":{"start":{"line":23,"column":24},"end":{"line":25,"column":5}},"4":{"start":{"line":23,"column":48},"end":{"line":25,"column":3}},"5":{"start":{"line":27,"column":2},"end":{"line":31,"column":4}},"6":{"start":{"line":34,"column":15},"end":{"line":40,"column":2}}},"fnMap":{"0":{"name":"HelloWave","decl":{"start":{"line":13,"column":16},"end":{"line":13,"column":25}},"loc":{"start":{"line":13,"column":28},"end":{"line":32,"column":1}},"line":13},"1":{"name":"(anonymous_1)","decl":{"start":{"line":16,"column":12},"end":{"line":16,"column":13}},"loc":{"start":{"line":16,"column":18},"end":{"line":21,"column":3}},"line":16},"2":{"name":"(anonymous_2)","decl":{"start":{"line":23,"column":41},"end":{"line":23,"column":42}},"loc":{"start":{"line":23,"column":48},"end":{"line":25,"column":3}},"line":23}},"branchMap":{},"s":{"0":0,"1":0,"2":0,"3":0,"4":0,"5":0,"6":0},"f":{"0":0,"1":0,"2":0},"b":{}}
,"/Users/mattvaughan-jones/Projects/gcal-alarms/app-example/components/ParallaxScrollView.tsx": {"path":"/Users/mattvaughan-jones/Projects/gcal-alarms/app-example/components/ParallaxScrollView.tsx","statementMap":{"0":{"start":{"line":14,"column":22},"end":{"line":14,"column":25}},"1":{"start":{"line":26,"column":22},"end":{"line":26,"column":49}},"2":{"start":{"line":27,"column":20},"end":{"line":27,"column":57}},"3":{"start":{"line":28,"column":23},"end":{"line":28,"column":53}},"4":{"start":{"line":29,"column":17},"end":{"line":29,"column":39}},"5":{"start":{"line":30,"column":30},"end":{"line":45,"column":4}},"6":{"start":{"line":31,"column":4},"end":{"line":44,"column":6}},"7":{"start":{"line":47,"column":2},"end":{"line":65,"column":4}},"8":{"start":{"line":68,"column":15},"end":{"line":82,"column":2}}},"fnMap":{"0":{"name":"ParallaxScrollView","decl":{"start":{"line":21,"column":24},"end":{"line":21,"column":42}},"loc":{"start":{"line":25,"column":10},"end":{"line":66,"column":1}},"line":25},"1":{"name":"(anonymous_1)","decl":{"start":{"line":30,"column":47},"end":{"line":30,"column":48}},"loc":{"start":{"line":30,"column":53},"end":{"line":45,"column":3}},"line":30}},"branchMap":{"0":{"loc":{"start":{"line":26,"column":22},"end":{"line":26,"column":49}},"type":"binary-expr","locations":[{"start":{"line":26,"column":22},"end":{"line":26,"column":38}},{"start":{"line":26,"column":42},"end":{"line":26,"column":49}}],"line":26}},"s":{"0":0,"1":0,"2":0,"3":0,"4":0,"5":0,"6":0,"7":0,"8":0},"f":{"0":0,"1":0},"b":{"0":[0,0]}}
,"/Users/mattvaughan-jones/Projects/gcal-alarms/app-example/components/ThemedText.tsx": {"path":"/Users/mattvaughan-jones/Projects/gcal-alarms/app-example/components/ThemedText.tsx","statementMap":{"0":{"start":{"line":18,"column":16},"end":{"line":18,"column":77}},"1":{"start":{"line":20,"column":2},"end":{"line":33,"column":4}},"2":{"start":{"line":36,"column":15},"end":{"line":60,"column":2}}},"fnMap":{"0":{"name":"ThemedText","decl":{"start":{"line":11,"column":16},"end":{"line":11,"column":26}},"loc":{"start":{"line":17,"column":20},"end":{"line":34,"column":1}},"line":17}},"branchMap":{"0":{"loc":{"start":{"line":15,"column":2},"end":{"line":15,"column":18}},"type":"default-arg","locations":[{"start":{"line":15,"column":9},"end":{"line":15,"column":18}}],"line":15},"1":{"loc":{"start":{"line":24,"column":8},"end":{"line":24,"column":55}},"type":"cond-expr","locations":[{"start":{"line":24,"column":29},"end":{"line":24,"column":43}},{"start":{"line":24,"column":46},"end":{"line":24,"column":55}}],"line":24},"2":{"loc":{"start":{"line":25,"column":8},"end":{"line":25,"column":51}},"type":"cond-expr","locations":[{"start":{"line":25,"column":27},"end":{"line":25,"column":39}},{"start":{"line":25,"column":42},"end":{"line":25,"column":51}}],"line":25},"3":{"loc":{"start":{"line":26,"column":8},"end":{"line":26,"column":71}},"type":"cond-expr","locations":[{"start":{"line":26,"column":37},"end":{"line":26,"column":59}},{"start":{"line":26,"column":62},"end":{"line":26,"column":71}}],"line":26},"4":{"loc":{"start":{"line":27,"column":8},"end":{"line":27,"column":57}},"type":"cond-expr","locations":[{"start":{"line":27,"column":30},"end":{"line":27,"column":45}},{"start":{"line":27,"column":48},"end":{"line":27,"column":57}}],"line":27},"5":{"loc":{"start":{"line":28,"column":8},"end":{"line":28,"column":49}},"type":"cond-expr","locations":[{"start":{"line":28,"column":26},"end":{"line":28,"column":37}},{"start":{"line":28,"column":40},"end":{"line":28,"column":49}}],"line":28}},"s":{"0":0,"1":0,"2":0},"f":{"0":0},"b":{"0":[0],"1":[0,0],"2":[0,0],"3":[0,0],"4":[0,0],"5":[0,0]}}
,"/Users/mattvaughan-jones/Projects/gcal-alarms/app-example/components/ThemedView.tsx": {"path":"/Users/mattvaughan-jones/Projects/gcal-alarms/app-example/components/ThemedView.tsx","statementMap":{"0":{"start":{"line":11,"column":26},"end":{"line":11,"column":93}},"1":{"start":{"line":13,"column":2},"end":{"line":13,"column":71}}},"fnMap":{"0":{"name":"ThemedView","decl":{"start":{"line":10,"column":16},"end":{"line":10,"column":26}},"loc":{"start":{"line":10,"column":93},"end":{"line":14,"column":1}},"line":10}},"branchMap":{},"s":{"0":0,"1":0},"f":{"0":0},"b":{}}
,"/Users/mattvaughan-jones/Projects/gcal-alarms/app-example/components/__tests__/ThemedText-test.tsx": {"path":"/Users/mattvaughan-jones/Projects/gcal-alarms/app-example/components/__tests__/ThemedText-test.tsx","statementMap":{"0":{"start":{"line":6,"column":0},"end":{"line":10,"column":3}},"1":{"start":{"line":7,"column":15},"end":{"line":7,"column":80}},"2":{"start":{"line":9,"column":2},"end":{"line":9,"column":33}}},"fnMap":{"0":{"name":"(anonymous_0)","decl":{"start":{"line":6,"column":24},"end":{"line":6,"column":25}},"loc":{"start":{"line":6,"column":30},"end":{"line":10,"column":1}},"line":6}},"branchMap":{},"s":{"0":0,"1":0,"2":0},"f":{"0":0},"b":{}}
,"/Users/mattvaughan-jones/Projects/gcal-alarms/app-example/components/ui/IconSymbol.ios.tsx": {"path":"/Users/mattvaughan-jones/Projects/gcal-alarms/app-example/components/ui/IconSymbol.ios.tsx","statementMap":{"0":{"start":{"line":17,"column":2},"end":{"line":31,"column":4}}},"fnMap":{"0":{"name":"IconSymbol","decl":{"start":{"line":4,"column":16},"end":{"line":4,"column":26}},"loc":{"start":{"line":16,"column":3},"end":{"line":32,"column":1}},"line":16}},"branchMap":{"0":{"loc":{"start":{"line":6,"column":2},"end":{"line":6,"column":11}},"type":"default-arg","locations":[{"start":{"line":6,"column":9},"end":{"line":6,"column":11}}],"line":6},"1":{"loc":{"start":{"line":9,"column":2},"end":{"line":9,"column":20}},"type":"default-arg","locations":[{"start":{"line":9,"column":11},"end":{"line":9,"column":20}}],"line":9}},"s":{"0":0},"f":{"0":0},"b":{"0":[0],"1":[0]}}
,"/Users/mattvaughan-jones/Projects/gcal-alarms/app-example/components/ui/IconSymbol.tsx": {"path":"/Users/mattvaughan-jones/Projects/gcal-alarms/app-example/components/ui/IconSymbol.tsx","statementMap":{"0":{"start":{"line":9,"column":16},"end":{"line":21,"column":1}},"1":{"start":{"line":42,"column":2},"end":{"line":42,"column":88}}},"fnMap":{"0":{"name":"IconSymbol","decl":{"start":{"line":30,"column":16},"end":{"line":30,"column":26}},"loc":{"start":{"line":41,"column":3},"end":{"line":43,"column":1}},"line":41}},"branchMap":{"0":{"loc":{"start":{"line":32,"column":2},"end":{"line":32,"column":11}},"type":"default-arg","locations":[{"start":{"line":32,"column":9},"end":{"line":32,"column":11}}],"line":32}},"s":{"0":0,"1":0},"f":{"0":0},"b":{"0":[0]}}
,"/Users/mattvaughan-jones/Projects/gcal-alarms/app-example/components/ui/TabBarBackground.ios.tsx": {"path":"/Users/mattvaughan-jones/Projects/gcal-alarms/app-example/components/ui/TabBarBackground.ios.tsx","statementMap":{"0":{"start":{"line":7,"column":2},"end":{"line":15,"column":4}},"1":{"start":{"line":19,"column":20},"end":{"line":19,"column":43}},"2":{"start":{"line":20,"column":21},"end":{"line":20,"column":40}},"3":{"start":{"line":21,"column":2},"end":{"line":21,"column":28}}},"fnMap":{"0":{"name":"BlurTabBarBackground","decl":{"start":{"line":6,"column":24},"end":{"line":6,"column":44}},"loc":{"start":{"line":6,"column":47},"end":{"line":16,"column":1}},"line":6},"1":{"name":"useBottomTabOverflow","decl":{"start":{"line":18,"column":16},"end":{"line":18,"column":36}},"loc":{"start":{"line":18,"column":39},"end":{"line":22,"column":1}},"line":18}},"branchMap":{},"s":{"0":0,"1":0,"2":0,"3":0},"f":{"0":0,"1":0},"b":{}}
,"/Users/mattvaughan-jones/Projects/gcal-alarms/app-example/components/ui/TabBarBackground.tsx": {"path":"/Users/mattvaughan-jones/Projects/gcal-alarms/app-example/components/ui/TabBarBackground.tsx","statementMap":{"0":{"start":{"line":5,"column":2},"end":{"line":5,"column":11}}},"fnMap":{"0":{"name":"useBottomTabOverflow","decl":{"start":{"line":4,"column":16},"end":{"line":4,"column":36}},"loc":{"start":{"line":4,"column":39},"end":{"line":6,"column":1}},"line":4}},"branchMap":{},"s":{"0":0},"f":{"0":0},"b":{}}
,"/Users/mattvaughan-jones/Projects/gcal-alarms/app-example/constants/Colors.ts": {"path":"/Users/mattvaughan-jones/Projects/gcal-alarms/app-example/constants/Colors.ts","statementMap":{"0":{"start":{"line":6,"column":23},"end":{"line":6,"column":32}},"1":{"start":{"line":7,"column":22},"end":{"line":7,"column":28}},"2":{"start":{"line":9,"column":22},"end":{"line":26,"column":1}}},"fnMap":{},"branchMap":{},"s":{"0":0,"1":0,"2":0},"f":{},"b":{}}
,"/Users/mattvaughan-jones/Projects/gcal-alarms/app-example/hooks/useColorScheme.ts": {"path":"/Users/mattvaughan-jones/Projects/gcal-alarms/app-example/hooks/useColorScheme.ts","statementMap":{},"fnMap":{},"branchMap":{},"s":{},"f":{},"b":{}}
,"/Users/mattvaughan-jones/Projects/gcal-alarms/app-example/hooks/useColorScheme.web.ts": {"path":"/Users/mattvaughan-jones/Projects/gcal-alarms/app-example/hooks/useColorScheme.web.ts","statementMap":{"0":{"start":{"line":8,"column":40},"end":{"line":8,"column":55}},"1":{"start":{"line":10,"column":2},"end":{"line":12,"column":9}},"2":{"start":{"line":11,"column":4},"end":{"line":11,"column":25}},"3":{"start":{"line":14,"column":22},"end":{"line":14,"column":40}},"4":{"start":{"line":16,"column":2},"end":{"line":18,"column":3}},"5":{"start":{"line":17,"column":4},"end":{"line":17,"column":23}},"6":{"start":{"line":20,"column":2},"end":{"line":20,"column":17}}},"fnMap":{"0":{"name":"useColorScheme","decl":{"start":{"line":7,"column":16},"end":{"line":7,"column":30}},"loc":{"start":{"line":7,"column":33},"end":{"line":21,"column":1}},"line":7},"1":{"name":"(anonymous_1)","decl":{"start":{"line":10,"column":12},"end":{"line":10,"column":13}},"loc":{"start":{"line":10,"column":18},"end":{"line":12,"column":3}},"line":10}},"branchMap":{"0":{"loc":{"start":{"line":16,"column":2},"end":{"line":18,"column":3}},"type":"if","locations":[{"start":{"line":16,"column":2},"end":{"line":18,"column":3}},{"start":{},"end":{}}],"line":16}},"s":{"0":0,"1":0,"2":0,"3":0,"4":0,"5":0,"6":0},"f":{"0":0,"1":0},"b":{"0":[0,0]}}
,"/Users/mattvaughan-jones/Projects/gcal-alarms/app-example/hooks/useThemeColor.ts": {"path":"/Users/mattvaughan-jones/Projects/gcal-alarms/app-example/hooks/useThemeColor.ts","statementMap":{"0":{"start":{"line":13,"column":16},"end":{"line":13,"column":43}},"1":{"start":{"line":14,"column":25},"end":{"line":14,"column":37}},"2":{"start":{"line":16,"column":2},"end":{"line":20,"column":3}},"3":{"start":{"line":17,"column":4},"end":{"line":17,"column":26}},"4":{"start":{"line":19,"column":4},"end":{"line":19,"column":36}}},"fnMap":{"0":{"name":"useThemeColor","decl":{"start":{"line":9,"column":16},"end":{"line":9,"column":29}},"loc":{"start":{"line":12,"column":2},"end":{"line":21,"column":1}},"line":12}},"branchMap":{"0":{"loc":{"start":{"line":13,"column":16},"end":{"line":13,"column":43}},"type":"binary-expr","locations":[{"start":{"line":13,"column":16},"end":{"line":13,"column":32}},{"start":{"line":13,"column":36},"end":{"line":13,"column":43}}],"line":13},"1":{"loc":{"start":{"line":16,"column":2},"end":{"line":20,"column":3}},"type":"if","locations":[{"start":{"line":16,"column":2},"end":{"line":20,"column":3}},{"start":{"line":18,"column":9},"end":{"line":20,"column":3}}],"line":16}},"s":{"0":0,"1":0,"2":0,"3":0,"4":0},"f":{"0":0},"b":{"0":[0,0],"1":[0,0]}}
}
